<?xml version="1.0" encoding="UTF-8"?>
<!-- Generated by org.testng.reporters.JUnitReportReporter -->
<testsuite skipped="0" hostname="DESKTOP-CHEFHGA" name="TestSuite.NewTest" tests="1" failures="0" timestamp="2019-09-30T11:26:50 UYT" time="2.083" errors="1">
  <testcase name="ByVisibleElement" time="2.083" classname="TestSuite.NewTest">
    <error type="org.openqa.selenium.SessionNotCreatedException" message="session not created: This version of ChromeDriver only supports Chrome version 75
Build info: version: &#039;3.141.59&#039;, revision: &#039;e82be7d358&#039;, time: &#039;2018-11-14T08:25:53&#039;
System info: host: &#039;DESKTOP-CHEFHGA&#039;, ip: &#039;192.168.62.2&#039;, os.name: &#039;Windows 10&#039;, os.arch: &#039;amd64&#039;, os.version: &#039;10.0&#039;, java.version: &#039;1.8.0_172&#039;
Driver info: driver.version: ChromeDriver
remote stacktrace: Backtrace:
	Ordinal0 [0x00981B43+1448771]
	Ordinal0 [0x00905A31+940593]
	Ordinal0 [0x00892293+467603]
	Ordinal0 [0x0082F27E+62078]
	Ordinal0 [0x0082BBBD+48061]
	Ordinal0 [0x00848D09+167177]
	Ordinal0 [0x008488DD+166109]
	Ordinal0 [0x00846FEB+159723]
	Ordinal0 [0x008309F6+68086]
	Ordinal0 [0x00831990+72080]
	Ordinal0 [0x00831929+71977]
	GetHandleVerifier [0x00AC2E8C+1172172]
	GetHandleVerifier [0x00A1FE55+504469]
	GetHandleVerifier [0x00A1FBF0+503856]
	Ordinal0 [0x0098C9C8+1493448]
	GetHandleVerifier [0x00A2062A+506474]
	Ordinal0 [0x00917156+1012054]
	Ordinal0 [0x00916FCF+1011663]
	Ordinal0 [0x0092135B+1053531]
	Ordinal0 [0x009214C3+1053891]
	Ordinal0 [0x009204F5+1049845]
	BaseThreadInitThunk [0x76160419+25]
	RtlGetAppContainerNamedObjectPath [0x76F8662D+237]
	RtlGetAppContainerNamedObjectPath [0x76F865FD+189]
">
      <![CDATA[org.openqa.selenium.SessionNotCreatedException: session not created: This version of ChromeDriver only supports Chrome version 75
Build info: version: '3.141.59', revision: 'e82be7d358', time: '2018-11-14T08:25:53'
System info: host: 'DESKTOP-CHEFHGA', ip: '192.168.62.2', os.name: 'Windows 10', os.arch: 'amd64', os.version: '10.0', java.version: '1.8.0_172'
Driver info: driver.version: ChromeDriver
remote stacktrace: Backtrace:
Ordinal0 [0x00981B43+1448771]
Ordinal0 [0x00905A31+940593]
Ordinal0 [0x00892293+467603]
Ordinal0 [0x0082F27E+62078]
Ordinal0 [0x0082BBBD+48061]
Ordinal0 [0x00848D09+167177]
Ordinal0 [0x008488DD+166109]
Ordinal0 [0x00846FEB+159723]
Ordinal0 [0x008309F6+68086]
Ordinal0 [0x00831990+72080]
Ordinal0 [0x00831929+71977]
GetHandleVerifier [0x00AC2E8C+1172172]
GetHandleVerifier [0x00A1FE55+504469]
GetHandleVerifier [0x00A1FBF0+503856]
Ordinal0 [0x0098C9C8+1493448]
GetHandleVerifier [0x00A2062A+506474]
Ordinal0 [0x00917156+1012054]
Ordinal0 [0x00916FCF+1011663]
Ordinal0 [0x0092135B+1053531]
Ordinal0 [0x009214C3+1053891]
Ordinal0 [0x009204F5+1049845]
BaseThreadInitThunk [0x76160419+25]
RtlGetAppContainerNamedObjectPath [0x76F8662D+237]
RtlGetAppContainerNamedObjectPath [0x76F865FD+189]

at sun.reflect.NativeConstructorAccessorImpl.newInstance0(Native Method)
at sun.reflect.NativeConstructorAccessorImpl.newInstance(NativeConstructorAccessorImpl.java:62)
at sun.reflect.DelegatingConstructorAccessorImpl.newInstance(DelegatingConstructorAccessorImpl.java:45)
at java.lang.reflect.Constructor.newInstance(Constructor.java:423)
at org.openqa.selenium.remote.W3CHandshakeResponse.lambda$errorHandler$0(W3CHandshakeResponse.java:62)
at org.openqa.selenium.remote.HandshakeResponse.lambda$getResponseFunction$0(HandshakeResponse.java:30)
at org.openqa.selenium.remote.ProtocolHandshake.lambda$createSession$0(ProtocolHandshake.java:126)
at java.util.stream.ReferencePipeline$3$1.accept(ReferencePipeline.java:193)
at java.util.Spliterators$ArraySpliterator.tryAdvance(Spliterators.java:958)
at java.util.stream.ReferencePipeline.forEachWithCancel(ReferencePipeline.java:126)
at java.util.stream.AbstractPipeline.copyIntoWithCancel(AbstractPipeline.java:498)
at java.util.stream.AbstractPipeline.copyInto(AbstractPipeline.java:485)
at java.util.stream.AbstractPipeline.wrapAndCopyInto(AbstractPipeline.java:471)
at java.util.stream.FindOps$FindOp.evaluateSequential(FindOps.java:152)
at java.util.stream.AbstractPipeline.evaluate(AbstractPipeline.java:234)
at java.util.stream.ReferencePipeline.findFirst(ReferencePipeline.java:464)
at org.openqa.selenium.remote.ProtocolHandshake.createSession(ProtocolHandshake.java:128)
at org.openqa.selenium.remote.ProtocolHandshake.createSession(ProtocolHandshake.java:74)
at org.openqa.selenium.remote.HttpCommandExecutor.execute(HttpCommandExecutor.java:136)
at org.openqa.selenium.remote.service.DriverCommandExecutor.execute(DriverCommandExecutor.java:83)
at org.openqa.selenium.remote.RemoteWebDriver.execute(RemoteWebDriver.java:552)
at org.openqa.selenium.remote.RemoteWebDriver.startSession(RemoteWebDriver.java:213)
at org.openqa.selenium.remote.RemoteWebDriver.<init>(RemoteWebDriver.java:131)
at org.openqa.selenium.chrome.ChromeDriver.<init>(ChromeDriver.java:181)
at org.openqa.selenium.chrome.ChromeDriver.<init>(ChromeDriver.java:168)
at org.openqa.selenium.chrome.ChromeDriver.<init>(ChromeDriver.java:123)
at TestSuite.NewTest.ByVisibleElement(NewTest.java:16)
at sun.reflect.NativeMethodAccessorImpl.invoke0(Native Method)
at sun.reflect.NativeMethodAccessorImpl.invoke(NativeMethodAccessorImpl.java:62)
at sun.reflect.DelegatingMethodAccessorImpl.invoke(DelegatingMethodAccessorImpl.java:43)
at java.lang.reflect.Method.invoke(Method.java:498)
at org.testng.internal.MethodInvocationHelper.invokeMethod(MethodInvocationHelper.java:133)
at org.testng.internal.TestInvoker.invokeMethod(TestInvoker.java:584)
at org.testng.internal.TestInvoker.invokeTestMethod(TestInvoker.java:172)
at org.testng.internal.MethodRunner.runInSequence(MethodRunner.java:46)
at org.testng.internal.TestInvoker$MethodInvocationAgent.invoke(TestInvoker.java:804)
at org.testng.internal.TestInvoker.invokeTestMethods(TestInvoker.java:145)
at org.testng.internal.TestMethodWorker.invokeTestMethods(TestMethodWorker.java:146)
at org.testng.internal.TestMethodWorker.run(TestMethodWorker.java:128)
at java.util.ArrayList.forEach(ArrayList.java:1257)
at org.testng.TestRunner.privateRun(TestRunner.java:770)
at org.testng.TestRunner.run(TestRunner.java:591)
at org.testng.SuiteRunner.runTest(SuiteRunner.java:402)
at org.testng.SuiteRunner.runSequentially(SuiteRunner.java:396)
at org.testng.SuiteRunner.privateRun(SuiteRunner.java:355)
at org.testng.SuiteRunner.run(SuiteRunner.java:304)
at org.testng.SuiteRunnerWorker.runSuite(SuiteRunnerWorker.java:53)
at org.testng.SuiteRunnerWorker.run(SuiteRunnerWorker.java:96)
at org.testng.TestNG.runSuitesSequentially(TestNG.java:1180)
at org.testng.TestNG.runSuitesLocally(TestNG.java:1102)
at org.testng.TestNG.runSuites(TestNG.java:1032)
at org.testng.TestNG.run(TestNG.java:1000)
at org.testng.remote.AbstractRemoteTestNG.run(AbstractRemoteTestNG.java:115)
at org.testng.remote.RemoteTestNG.initAndRun(RemoteTestNG.java:251)
at org.testng.remote.RemoteTestNG.main(RemoteTestNG.java:77)
]]>
    </error>
  </testcase> <!-- ByVisibleElement -->
</testsuite> <!-- TestSuite.NewTest -->
